<?xml version="1.0" encoding="UTF-8"?>
<!-- Generated by org.testng.reporters.JUnitReportReporter -->
<testsuite hostname="kalpana" failures="0" tests="1" name="Demo.DemoTest" time="9.479" errors="0" timestamp="2024-11-06T22:26:53 IST" skipped="0">
  <testcase classname="Demo.DemoTest" name="verify" time="9.479"/>
  <system-out/>
</testsuite> <!-- Demo.DemoTest -->
